0 info it worked if it ends with ok
1 verbose cli [ '/home/lee/.nvm/versions/node/v7.6.0/bin/node',
1 verbose cli   '/home/lee/.nvm/versions/node/v7.6.0/bin/npm',
1 verbose cli   'run',
1 verbose cli   'dev' ]
2 info using npm@4.1.2
3 info using node@v7.6.0
4 verbose run-script [ 'predev', 'dev', 'postdev' ]
5 info lifecycle hpstr-theme@~predev: hpstr-theme@
6 silly lifecycle hpstr-theme@~predev: no script for predev, continuing
7 info lifecycle hpstr-theme@~dev: hpstr-theme@
8 verbose lifecycle hpstr-theme@~dev: unsafe-perm in lifecycle true
9 verbose lifecycle hpstr-theme@~dev: PATH: /home/lee/.nvm/versions/node/v7.6.0/lib/node_modules/npm/bin/node-gyp-bin:/home/lee/workspace/blog/node_modules/.bin:/home/lee/.rbenv/shims:/home/lee/.nvm/versions/node/v7.6.0/bin:/home/lee/.rbenv/shims:/home/lee/.rbenv/bin:/home/lee/.opam/system/bin:/home/lee/workspace/golang//bin:/usr/lib/go/bin:/home/lee/.local/bin:/home/lee/.local/bin/nodejs/bin:/home/lee/.local/bin/swift-3.0-RELEASE-ubuntu15.10/usr/bin:/home/lee/.cabal/bin:/usr/local/sbin:/usr/local/bin:/usr/sbin:/usr/bin:/sbin:/bin:/usr/games:/home/lee/.rvm/bin
10 verbose lifecycle hpstr-theme@~dev: CWD: /home/lee/workspace/blog
11 silly lifecycle hpstr-theme@~dev: Args: [ '-c', 'jekyll -w' ]
12 silly lifecycle hpstr-theme@~dev: Returned: code: 1  signal: null
13 info lifecycle hpstr-theme@~dev: Failed to exec dev script
14 verbose stack Error: hpstr-theme@ dev: `jekyll -w`
14 verbose stack Exit status 1
14 verbose stack     at EventEmitter.<anonymous> (/home/lee/.nvm/versions/node/v7.6.0/lib/node_modules/npm/lib/utils/lifecycle.js:279:16)
14 verbose stack     at emitTwo (events.js:106:13)
14 verbose stack     at EventEmitter.emit (events.js:192:7)
14 verbose stack     at ChildProcess.<anonymous> (/home/lee/.nvm/versions/node/v7.6.0/lib/node_modules/npm/lib/utils/spawn.js:40:14)
14 verbose stack     at emitTwo (events.js:106:13)
14 verbose stack     at ChildProcess.emit (events.js:192:7)
14 verbose stack     at maybeClose (internal/child_process.js:890:16)
14 verbose stack     at Process.ChildProcess._handle.onexit (internal/child_process.js:226:5)
15 verbose pkgid hpstr-theme@
16 verbose cwd /home/lee/workspace/blog
17 error Linux 4.4.0-62-generic
18 error argv "/home/lee/.nvm/versions/node/v7.6.0/bin/node" "/home/lee/.nvm/versions/node/v7.6.0/bin/npm" "run" "dev"
19 error node v7.6.0
20 error npm  v4.1.2
21 error code ELIFECYCLE
22 error hpstr-theme@ dev: `jekyll -w`
22 error Exit status 1
23 error Failed at the hpstr-theme@ dev script 'jekyll -w'.
23 error Make sure you have the latest version of node.js and npm installed.
23 error If you do, this is most likely a problem with the hpstr-theme package,
23 error not with npm itself.
23 error Tell the author that this fails on your system:
23 error     jekyll -w
23 error You can get information on how to open an issue for this project with:
23 error     npm bugs hpstr-theme
23 error Or if that isn't available, you can get their info via:
23 error     npm owner ls hpstr-theme
23 error There is likely additional logging output above.
24 verbose exit [ 1, true ]
